102.11.23 16:41 B L:\peter\website\sedfithelpweb\download.htm --> ftp.analyticalultracentrifugation.com / download.htm
102.11.23 16:41 B L:\peter\website\sedfithelpweb\tutorial_displaydistribution.htm --> ftp.analyticalultracentrifugation.com / tutorial_displaydistribution.htm
102.11.23 16:41 B L:\peter\website\sedfithelpweb\sedfit_help_size_distribution_options.htm --> ftp.analyticalultracentrifugation.com / sedfit_help_size_distribution_options.htm
102.11.23 16:41 B L:\peter\website\sedfithelpweb\sedfit_help_ls-gs.htm --> ftp.analyticalultracentrifugation.com / sedfit_help_ls-gs.htm
102.11.23 16:41 B L:\peter\website\sedfithelpweb\sedfit_help_independent_ideal_species.htm --> ftp.analyticalultracentrifugation.com / sedfit_help_independent_ideal_species.htm
102.11.23 16:41 B L:\peter\website\sedfithelpweb\sedfit_help_data.htm --> ftp.analyticalultracentrifugation.com / sedfit_help_data.htm
102.11.23 16:41 B L:\peter\website\sedfithelpweb\sedfit.htm --> ftp.analyticalultracentrifugation.com / sedfit.htm
102.11.23 16:41 B L:\peter\website\sedfithelpweb\realtime.htm --> ftp.analyticalultracentrifugation.com / realtime.htm
102.11.23 16:41 B L:\peter\website\sedfithelpweb\extrapolate_ls-gs.htm --> ftp.analyticalultracentrifugation.com / extrapolate_ls-gs.htm
102.11.23 16:41 B L:\peter\website\sedfithelpweb\default.htm --> ftp.analyticalultracentrifugation.com / default.htm
102.11.23 16:41 B L:\peter\website\sedfithelpweb\sedfit_help_nonideal_sedimentation.htm --> ftp.analyticalultracentrifugation.com / sedfit_help_nonideal_sedimentation.htm
102.11.23 16:41 B L:\peter\website\sedfithelpweb\sedfit_help_loading_options.htm --> ftp.analyticalultracentrifugation.com / sedfit_help_loading_options.htm
102.11.23 16:41 B L:\peter\website\sedfithelpweb\sedfit_help_LoadNewData.htm --> ftp.analyticalultracentrifugation.com / sedfit_help_LoadNewData.htm
102.11.23 16:41 B L:\peter\website\sedfithelpweb\sedfit_help_SetInitialData.htm --> ftp.analyticalultracentrifugation.com / sedfit_help_SetInitialData.htm
102.11.23 16:41 B L:\peter\website\sedfithelpweb\sedfit_help_Exit.htm --> ftp.analyticalultracentrifugation.com / sedfit_help_Exit.htm
102.11.23 16:41 B L:\peter\website\sedfithelpweb\sedfit_help_datautilities.htm --> ftp.analyticalultracentrifugation.com / sedfit_help_datautilities.htm
102.11.23 16:41 B L:\peter\website\sedfithelpweb\sedfit_help_van_holde-weischet.htm --> ftp.analyticalultracentrifugation.com / sedfit_help_van_holde-weischet.htm
102.11.23 16:41 B L:\peter\website\sedfithelpweb\sedfit_help_lsgs1comp.htm --> ftp.analyticalultracentrifugation.com / sedfit_help_lsgs1comp.htm
102.11.23 16:41 B L:\peter\website\sedfithelpweb\sedfit_help_model.htm --> ftp.analyticalultracentrifugation.com / sedfit_help_model.htm
102.11.23 16:41 B L:\peter\website\sedfithelpweb\sedfit_help_timedependent_sedimentation.htm --> ftp.analyticalultracentrifugation.com / sedfit_help_timedependent_sedimentation.htm
102.11.23 16:41 B L:\peter\website\sedfithelpweb\sedfit_help_special.htm --> ftp.analyticalultracentrifugation.com / sedfit_help_special.htm
102.11.23 16:41 B L:\peter\website\sedfithelpweb\sedfit_help_selfassociation.htm --> ftp.analyticalultracentrifugation.com / sedfit_help_selfassociation.htm
102.11.23 16:41 B L:\peter\website\sedfithelpweb\sedfit_help_sedimentation_time_offset.htm --> ftp.analyticalultracentrifugation.com / sedfit_help_sedimentation_time_offset.htm
102.11.23 16:41 B L:\peter\website\sedfithelpweb\sedfit_help_other_geometries.htm --> ftp.analyticalultracentrifugation.com / sedfit_help_other_geometries.htm
102.11.23 16:41 B L:\peter\website\sedfithelpweb\sedfit_help_dls.htm --> ftp.analyticalultracentrifugation.com / sedfit_help_dls.htm
102.11.23 16:41 B L:\peter\website\sedfithelpweb\sedfit_help_cs_with_other_prior.htm --> ftp.analyticalultracentrifugation.com / sedfit_help_cs_with_other_prior.htm
102.11.23 16:41 B L:\peter\website\sedfithelpweb\sedfit_help_cs.htm --> ftp.analyticalultracentrifugation.com / sedfit_help_cs.htm
102.11.23 16:41 B L:\peter\website\sedfithelpweb\sedfit_help_cm_with_other_prior.htm --> ftp.analyticalultracentrifugation.com / sedfit_help_cm_with_other_prior.htm
102.11.23 16:41 B L:\peter\website\sedfithelpweb\sedfit_help_cm.htm --> ftp.analyticalultracentrifugation.com / sedfit_help_cm.htm
102.11.23 16:41 B L:\peter\website\sedfithelpweb\sedfit_help_analytical_zone_centrifugation.htm --> ftp.analyticalultracentrifugation.com / sedfit_help_analytical_zone_centrifugation.htm
102.11.23 16:41 B L:\peter\website\sedfithelpweb\tutorial_initialvalues.htm --> ftp.analyticalultracentrifugation.com / tutorial_initialvalues.htm
102.11.23 16:41 B L:\peter\website\sedfithelpweb\tutorial_lsgofs.htm --> ftp.analyticalultracentrifugation.com / tutorial_lsgofs.htm
102.11.23 16:41 B L:\peter\website\sedfithelpweb\sedfit_help_display.htm --> ftp.analyticalultracentrifugation.com / sedfit_help_display.htm
102.11.23 16:41 B L:\peter\website\sedfithelpweb\references.htm --> ftp.analyticalultracentrifugation.com / references.htm
102.11.23 16:41 B L:\peter\website\sedfithelpweb\pspublications.htm --> ftp.analyticalultracentrifugation.com / pspublications.htm
102.11.23 16:41 B L:\peter\website\sedfithelpweb\sedfit_help_plot_range.htm --> ftp.analyticalultracentrifugation.com / sedfit_help_plot_range.htm
102.11.23 16:41 B L:\peter\website\sedfithelpweb\sedfit_help_calculator.htm --> ftp.analyticalultracentrifugation.com / sedfit_help_calculator.htm
102.11.23 16:42 B L:\peter\website\sedfithelpweb\vhw_analysis.htm --> ftp.analyticalultracentrifugation.com / vhw_analysis.htm
102.11.23 16:42 B L:\peter\website\sedfithelpweb\sedfit_example.htm --> ftp.analyticalultracentrifugation.com / sedfit_example.htm
102.11.23 16:42 B L:\peter\website\sedfithelpweb\tutorial_cofm.htm --> ftp.analyticalultracentrifugation.com / tutorial_cofm.htm
102.11.23 16:42 B L:\peter\website\sedfithelpweb\sizedistributions.htm --> ftp.analyticalultracentrifugation.com / sizedistributions.htm
102.11.23 16:42 B L:\peter\website\sedfithelpweb\lsgofs_distribution.htm --> ftp.analyticalultracentrifugation.com / lsgofs_distribution.htm
102.11.23 16:42 B L:\peter\website\sedfithelpweb\systematic_noise_analysis.htm --> ftp.analyticalultracentrifugation.com / systematic_noise_analysis.htm
102.11.23 16:42 B L:\peter\website\sedfithelpweb\LammEqSolutions.htm --> ftp.analyticalultracentrifugation.com / LammEqSolutions.htm
102.11.23 16:42 B L:\peter\website\sedfithelpweb\tutorial_sizedistributions.htm --> ftp.analyticalultracentrifugation.com / tutorial_sizedistributions.htm
102.11.23 16:42 B L:\peter\website\sedfithelpweb\sedfit_help_parameters.htm --> ftp.analyticalultracentrifugation.com / sedfit_help_parameters.htm
102.11.23 16:42 B L:\peter\website\sedfithelpweb\tutorial_loaddata.htm --> ftp.analyticalultracentrifugation.com / tutorial_loaddata.htm
102.11.23 16:42 B L:\peter\website\sedfithelpweb\sedphat.htm <-- ftp.analyticalultracentrifugation.com / sedphat.htm
102.11.23 16:44 B L:\peter\website\sedfithelpweb\sedfit_faqs.htm <-- ftp.analyticalultracentrifugation.com / sedfit_faqs.htm
102.11.25 10:14 B L:\peter\website\sedfithelpweb\references.htm --> ftp.analyticalultracentrifugation.com / references.htm
103.09.27 19:56 B C:\peter\website\sedfithelpweb\download.htm --> ftp.analyticalultracentrifugation.com / download.htm
103.10.14 19:38 B C:\peter\website\sedfithelpweb\download.htm --> ftp.analyticalultracentrifugation.com / download.htm
103.10.14 19:38 B C:\peter\website\sedfithelpweb\sedphat.htm --> ftp.analyticalultracentrifugation.com / sedphat.htm
103.10.14 19:39 B C:\peter\website\sedfithelpweb\sedphat.htm --> ftp.analyticalultracentrifugation.com / sedphat.htm
103.10.17 23:33 B C:\peter\website\sedfithelpweb\sedfit.htm --> ftp.analyticalultracentrifugation.com / sedfit.htm
103.10.17 23:33 B C:\peter\website\sedfithelpweb\default.htm --> ftp.analyticalultracentrifugation.com / default.htm
103.11.05 22:11 B C:\peter\website\sedfithelpweb\download.htm --> ftp.analyticalultracentrifugation.com / download.htm
103.11.05 22:11 B C:\peter\website\sedfithelpweb\references.htm --> ftp.analyticalultracentrifugation.com / references.htm
103.11.05 22:11 B C:\peter\website\sedfithelpweb\pspublications.htm --> ftp.analyticalultracentrifugation.com / pspublications.htm
103.11.07 20:04 B C:\peter\website\sedfithelpweb\references.htm --> ftp.analyticalultracentrifugation.com / references.htm
103.11.07 20:28 B C:\peter\website\sedfithelpweb\references.htm --> ftp.analyticalultracentrifugation.com / references.htm
103.11.07 20:33 B C:\peter\website\sedfithelpweb\references.htm --> ftp.analyticalultracentrifugation.com / references.htm
